2021-03-28 16:01:22.421  INFO 6028 --- [restartedMain] cn.yinjiahui.BlogApplication             : Starting BlogApplication using Java 14.0.2 on LAPTOP-I62L6BVG with PID 6028 (D:\project\Blog\target\classes started by 12282 in D:\project\Blog)
2021-03-28 16:01:22.423  INFO 6028 --- [restartedMain] cn.yinjiahui.BlogApplication             : The following profiles are active: dev
2021-03-28 16:01:22.483  INFO 6028 --- [restartedMain] .e.DevToolsPropertyDefaultsPostProcessor : Devtools property defaults active! Set 'spring.devtools.add-properties' to 'false' to disable
2021-03-28 16:01:22.484  INFO 6028 --- [restartedMain] .e.DevToolsPropertyDefaultsPostProcessor : For additional web related logging consider setting the 'logging.level.web' property to 'DEBUG'
2021-03-28 16:01:23.343  INFO 6028 --- [restartedMain] .s.d.r.c.RepositoryConfigurationDelegate : Multiple Spring Data modules found, entering strict repository configuration mode!
2021-03-28 16:01:23.345  INFO 6028 --- [restartedMain] .s.d.r.c.RepositoryConfigurationDelegate : Bootstrapping Spring Data Elasticsearch repositories in DEFAULT mode.
2021-03-28 16:01:23.357  INFO 6028 --- [restartedMain] .s.d.r.c.RepositoryConfigurationDelegate : Finished Spring Data repository scanning in 9 ms. Found 0 Elasticsearch repository interfaces.
2021-03-28 16:01:23.360  INFO 6028 --- [restartedMain] .s.d.r.c.RepositoryConfigurationDelegate : Multiple Spring Data modules found, entering strict repository configuration mode!
2021-03-28 16:01:23.360  INFO 6028 --- [restartedMain] .s.d.r.c.RepositoryConfigurationDelegate : Bootstrapping Spring Data Reactive Elasticsearch repositories in DEFAULT mode.
2021-03-28 16:01:23.364  INFO 6028 --- [restartedMain] .s.d.r.c.RepositoryConfigurationDelegate : Finished Spring Data repository scanning in 3 ms. Found 0 Reactive Elasticsearch repository interfaces.
2021-03-28 16:01:23.373  INFO 6028 --- [restartedMain] .s.d.r.c.RepositoryConfigurationDelegate : Multiple Spring Data modules found, entering strict repository configuration mode!
2021-03-28 16:01:23.374  INFO 6028 --- [restartedMain] .s.d.r.c.RepositoryConfigurationDelegate : Bootstrapping Spring Data Redis repositories in DEFAULT mode.
2021-03-28 16:01:23.384  INFO 6028 --- [restartedMain] .s.d.r.c.RepositoryConfigurationDelegate : Finished Spring Data repository scanning in 3 ms. Found 0 Redis repository interfaces.
2021-03-28 16:01:23.489  WARN 6028 --- [restartedMain] o.m.s.mapper.ClassPathMapperScanner      : No MyBatis mapper was found in '[com.yin.mapper]' package. Please check your configuration.
2021-03-28 16:01:23.628  INFO 6028 --- [restartedMain] trationDelegate$BeanPostProcessorChecker : Bean 'org.springframework.security.access.expression.method.DefaultMethodSecurityExpressionHandler@83f6c1b' of type [org.springframework.security.access.expression.method.DefaultMethodSecurityExpressionHandler] is not eligible for getting processed by all BeanPostProcessors (for example: not eligible for auto-proxying)
2021-03-28 16:01:23.631  INFO 6028 --- [restartedMain] trationDelegate$BeanPostProcessorChecker : Bean 'methodSecurityMetadataSource' of type [org.springframework.security.access.method.DelegatingMethodSecurityMetadataSource] is not eligible for getting processed by all BeanPostProcessors (for example: not eligible for auto-proxying)
2021-03-28 16:01:23.828  INFO 6028 --- [restartedMain] o.s.b.w.embedded.tomcat.TomcatWebServer  : Tomcat initialized with port(s): 80 (http)
2021-03-28 16:01:23.836  INFO 6028 --- [restartedMain] o.apache.catalina.core.StandardService   : Starting service [Tomcat]
2021-03-28 16:01:23.836  INFO 6028 --- [restartedMain] org.apache.catalina.core.StandardEngine  : Starting Servlet engine: [Apache Tomcat/9.0.41]
2021-03-28 16:01:23.899  INFO 6028 --- [restartedMain] o.a.c.c.C.[Tomcat].[localhost].[/]       : Initializing Spring embedded WebApplicationContext
2021-03-28 16:01:23.899  INFO 6028 --- [restartedMain] w.s.c.ServletWebServerApplicationContext : Root WebApplicationContext: initialization completed in 1414 ms
2021-03-28 16:01:23.989  WARN 6028 --- [restartedMain] ConfigServletWebServerApplicationContext : Exception encountered during context initialization - cancelling refresh attempt: org.springframework.beans.factory.UnsatisfiedDependencyException: Error creating bean with name 'webSecurityConfig': Unsatisfied dependency expressed through field 'userDetailsService'; nested exception is org.springframework.beans.factory.UnsatisfiedDependencyException: Error creating bean with name 'customUserServiceImpl': Unsatisfied dependency expressed through field 'userMapper'; nested exception is org.springframework.beans.factory.NoSuchBeanDefinitionException: No qualifying bean of type 'cn.yinjiahui.mapper.UserMapper' available: expected at least 1 bean which qualifies as autowire candidate. Dependency annotations: {@org.springframework.beans.factory.annotation.Autowired(required=true)}
2021-03-28 16:01:23.991  INFO 6028 --- [restartedMain] o.apache.catalina.core.StandardService   : Stopping service [Tomcat]
2021-03-28 16:01:24.008  INFO 6028 --- [restartedMain] ConditionEvaluationReportLoggingListener : 

Error starting ApplicationContext. To display the conditions report re-run your application with 'debug' enabled.
2021-03-28 16:01:24.024 ERROR 6028 --- [restartedMain] o.s.b.d.LoggingFailureAnalysisReporter   : 

***************************
APPLICATION FAILED TO START
***************************

Description:

Field userMapper in cn.yinjiahui.service.impl.CustomUserServiceImpl required a bean of type 'cn.yinjiahui.mapper.UserMapper' that could not be found.

The injection point has the following annotations:
	- @org.springframework.beans.factory.annotation.Autowired(required=true)


Action:

Consider defining a bean of type 'cn.yinjiahui.mapper.UserMapper' in your configuration.

2021-03-28 16:04:00.436  INFO 3516 --- [restartedMain] cn.yinjiahui.BlogApplication             : Starting BlogApplication using Java 14.0.2 on LAPTOP-I62L6BVG with PID 3516 (D:\project\Blog\target\classes started by 12282 in D:\project\Blog)
2021-03-28 16:04:00.437  INFO 3516 --- [restartedMain] cn.yinjiahui.BlogApplication             : The following profiles are active: dev
2021-03-28 16:04:00.480  INFO 3516 --- [restartedMain] .e.DevToolsPropertyDefaultsPostProcessor : Devtools property defaults active! Set 'spring.devtools.add-properties' to 'false' to disable
2021-03-28 16:04:00.481  INFO 3516 --- [restartedMain] .e.DevToolsPropertyDefaultsPostProcessor : For additional web related logging consider setting the 'logging.level.web' property to 'DEBUG'
2021-03-28 16:04:01.022  INFO 3516 --- [restartedMain] .s.d.r.c.RepositoryConfigurationDelegate : Multiple Spring Data modules found, entering strict repository configuration mode!
2021-03-28 16:04:01.024  INFO 3516 --- [restartedMain] .s.d.r.c.RepositoryConfigurationDelegate : Bootstrapping Spring Data Elasticsearch repositories in DEFAULT mode.
2021-03-28 16:04:01.035  INFO 3516 --- [restartedMain] .s.d.r.c.RepositoryConfigurationDelegate : Finished Spring Data repository scanning in 8 ms. Found 0 Elasticsearch repository interfaces.
2021-03-28 16:04:01.038  INFO 3516 --- [restartedMain] .s.d.r.c.RepositoryConfigurationDelegate : Multiple Spring Data modules found, entering strict repository configuration mode!
2021-03-28 16:04:01.038  INFO 3516 --- [restartedMain] .s.d.r.c.RepositoryConfigurationDelegate : Bootstrapping Spring Data Reactive Elasticsearch repositories in DEFAULT mode.
2021-03-28 16:04:01.041  INFO 3516 --- [restartedMain] .s.d.r.c.RepositoryConfigurationDelegate : Finished Spring Data repository scanning in 3 ms. Found 0 Reactive Elasticsearch repository interfaces.
2021-03-28 16:04:01.049  INFO 3516 --- [restartedMain] .s.d.r.c.RepositoryConfigurationDelegate : Multiple Spring Data modules found, entering strict repository configuration mode!
2021-03-28 16:04:01.049  INFO 3516 --- [restartedMain] .s.d.r.c.RepositoryConfigurationDelegate : Bootstrapping Spring Data Redis repositories in DEFAULT mode.
2021-03-28 16:04:01.058  INFO 3516 --- [restartedMain] .s.d.r.c.RepositoryConfigurationDelegate : Finished Spring Data repository scanning in 3 ms. Found 0 Redis repository interfaces.
2021-03-28 16:04:01.275  INFO 3516 --- [restartedMain] trationDelegate$BeanPostProcessorChecker : Bean 'org.springframework.security.access.expression.method.DefaultMethodSecurityExpressionHandler@61bc7f66' of type [org.springframework.security.access.expression.method.DefaultMethodSecurityExpressionHandler] is not eligible for getting processed by all BeanPostProcessors (for example: not eligible for auto-proxying)
2021-03-28 16:04:01.279  INFO 3516 --- [restartedMain] trationDelegate$BeanPostProcessorChecker : Bean 'methodSecurityMetadataSource' of type [org.springframework.security.access.method.DelegatingMethodSecurityMetadataSource] is not eligible for getting processed by all BeanPostProcessors (for example: not eligible for auto-proxying)
2021-03-28 16:04:01.472  INFO 3516 --- [restartedMain] o.s.b.w.embedded.tomcat.TomcatWebServer  : Tomcat initialized with port(s): 80 (http)
2021-03-28 16:04:01.480  INFO 3516 --- [restartedMain] o.apache.catalina.core.StandardService   : Starting service [Tomcat]
2021-03-28 16:04:01.481  INFO 3516 --- [restartedMain] org.apache.catalina.core.StandardEngine  : Starting Servlet engine: [Apache Tomcat/9.0.41]
2021-03-28 16:04:01.554  INFO 3516 --- [restartedMain] o.a.c.c.C.[Tomcat].[localhost].[/]       : Initializing Spring embedded WebApplicationContext
2021-03-28 16:04:01.554  INFO 3516 --- [restartedMain] w.s.c.ServletWebServerApplicationContext : Root WebApplicationContext: initialization completed in 1072 ms
2021-03-28 16:04:02.274  INFO 3516 --- [restartedMain] f.a.AutowiredAnnotationBeanPostProcessor : Autowired annotation is not supported on static fields: private static java.lang.String cn.yinjiahui.service.impl.RegisterServiceImpl.secretId
2021-03-28 16:04:02.274  INFO 3516 --- [restartedMain] f.a.AutowiredAnnotationBeanPostProcessor : Autowired annotation is not supported on static fields: private static java.lang.String cn.yinjiahui.service.impl.RegisterServiceImpl.secretKey
2021-03-28 16:04:02.274  INFO 3516 --- [restartedMain] f.a.AutowiredAnnotationBeanPostProcessor : Autowired annotation is not supported on static fields: private static java.lang.String cn.yinjiahui.service.impl.RegisterServiceImpl.templateID
2021-03-28 16:04:02.274  INFO 3516 --- [restartedMain] f.a.AutowiredAnnotationBeanPostProcessor : Autowired annotation is not supported on static fields: private static java.lang.String cn.yinjiahui.service.impl.RegisterServiceImpl.smsSdkAppid
2021-03-28 16:04:02.274  INFO 3516 --- [restartedMain] f.a.AutowiredAnnotationBeanPostProcessor : Autowired annotation is not supported on static fields: private static java.lang.String cn.yinjiahui.service.impl.RegisterServiceImpl.sign
2021-03-28 16:04:02.377  INFO 3516 --- [restartedMain] o.s.s.concurrent.ThreadPoolTaskExecutor  : Initializing ExecutorService 'applicationTaskExecutor'
2021-03-28 16:04:02.446  INFO 3516 --- [restartedMain] o.s.b.a.w.s.WelcomePageHandlerMapping    : Adding welcome page template: index
2021-03-28 16:04:02.584  WARN 3516 --- [restartedMain] o.s.data.convert.CustomConversions       : Registering converter from class org.springframework.data.geo.Point to interface java.util.Map as writing converter although it doesn't convert to a store-supported type! You might want to check your annotation setup at the converter implementation.
2021-03-28 16:04:02.584  WARN 3516 --- [restartedMain] o.s.data.convert.CustomConversions       : Registering converter from interface java.util.Map to class org.springframework.data.geo.Point as reading converter although it doesn't convert from a store-supported type! You might want to check your annotation setup at the converter implementation.
2021-03-28 16:04:02.585  WARN 3516 --- [restartedMain] o.s.data.convert.CustomConversions       : Registering converter from class org.springframework.data.elasticsearch.core.geo.GeoPoint to interface java.util.Map as writing converter although it doesn't convert to a store-supported type! You might want to check your annotation setup at the converter implementation.
2021-03-28 16:04:02.585  WARN 3516 --- [restartedMain] o.s.data.convert.CustomConversions       : Registering converter from interface java.util.Map to class org.springframework.data.elasticsearch.core.geo.GeoPoint as reading converter although it doesn't convert from a store-supported type! You might want to check your annotation setup at the converter implementation.
2021-03-28 16:04:02.585  WARN 3516 --- [restartedMain] o.s.data.convert.CustomConversions       : Registering converter from interface org.springframework.data.elasticsearch.core.geo.GeoJson to interface java.util.Map as writing converter although it doesn't convert to a store-supported type! You might want to check your annotation setup at the converter implementation.
2021-03-28 16:04:02.585  WARN 3516 --- [restartedMain] o.s.data.convert.CustomConversions       : Registering converter from interface java.util.Map to interface org.springframework.data.elasticsearch.core.geo.GeoJson as reading converter although it doesn't convert from a store-supported type! You might want to check your annotation setup at the converter implementation.
2021-03-28 16:04:02.586  WARN 3516 --- [restartedMain] o.s.data.convert.CustomConversions       : Registering converter from class org.springframework.data.elasticsearch.core.geo.GeoJsonPoint to interface java.util.Map as writing converter although it doesn't convert to a store-supported type! You might want to check your annotation setup at the converter implementation.
2021-03-28 16:04:02.586  WARN 3516 --- [restartedMain] o.s.data.convert.CustomConversions       : Registering converter from interface java.util.Map to class org.springframework.data.elasticsearch.core.geo.GeoJsonPoint as reading converter although it doesn't convert from a store-supported type! You might want to check your annotation setup at the converter implementation.
2021-03-28 16:04:02.586  WARN 3516 --- [restartedMain] o.s.data.convert.CustomConversions       : Registering converter from class org.springframework.data.elasticsearch.core.geo.GeoJsonMultiPoint to interface java.util.Map as writing converter although it doesn't convert to a store-supported type! You might want to check your annotation setup at the converter implementation.
2021-03-28 16:04:02.586  WARN 3516 --- [restartedMain] o.s.data.convert.CustomConversions       : Registering converter from interface java.util.Map to class org.springframework.data.elasticsearch.core.geo.GeoJsonMultiPoint as reading converter although it doesn't convert from a store-supported type! You might want to check your annotation setup at the converter implementation.
2021-03-28 16:04:02.586  WARN 3516 --- [restartedMain] o.s.data.convert.CustomConversions       : Registering converter from class org.springframework.data.elasticsearch.core.geo.GeoJsonLineString to interface java.util.Map as writing converter although it doesn't convert to a store-supported type! You might want to check your annotation setup at the converter implementation.
2021-03-28 16:04:02.586  WARN 3516 --- [restartedMain] o.s.data.convert.CustomConversions       : Registering converter from interface java.util.Map to class org.springframework.data.elasticsearch.core.geo.GeoJsonLineString as reading converter although it doesn't convert from a store-supported type! You might want to check your annotation setup at the converter implementation.
2021-03-28 16:04:02.586  WARN 3516 --- [restartedMain] o.s.data.convert.CustomConversions       : Registering converter from class org.springframework.data.elasticsearch.core.geo.GeoJsonMultiLineString to interface java.util.Map as writing converter although it doesn't convert to a store-supported type! You might want to check your annotation setup at the converter implementation.
2021-03-28 16:04:02.586  WARN 3516 --- [restartedMain] o.s.data.convert.CustomConversions       : Registering converter from interface java.util.Map to class org.springframework.data.elasticsearch.core.geo.GeoJsonMultiLineString as reading converter although it doesn't convert from a store-supported type! You might want to check your annotation setup at the converter implementation.
2021-03-28 16:04:02.587  WARN 3516 --- [restartedMain] o.s.data.convert.CustomConversions       : Registering converter from class org.springframework.data.elasticsearch.core.geo.GeoJsonPolygon to interface java.util.Map as writing converter although it doesn't convert to a store-supported type! You might want to check your annotation setup at the converter implementation.
2021-03-28 16:04:02.587  WARN 3516 --- [restartedMain] o.s.data.convert.CustomConversions       : Registering converter from interface java.util.Map to class org.springframework.data.elasticsearch.core.geo.GeoJsonPolygon as reading converter although it doesn't convert from a store-supported type! You might want to check your annotation setup at the converter implementation.
2021-03-28 16:04:02.587  WARN 3516 --- [restartedMain] o.s.data.convert.CustomConversions       : Registering converter from class org.springframework.data.elasticsearch.core.geo.GeoJsonMultiPolygon to interface java.util.Map as writing converter although it doesn't convert to a store-supported type! You might want to check your annotation setup at the converter implementation.
2021-03-28 16:04:02.587  WARN 3516 --- [restartedMain] o.s.data.convert.CustomConversions       : Registering converter from interface java.util.Map to class org.springframework.data.elasticsearch.core.geo.GeoJsonMultiPolygon as reading converter although it doesn't convert from a store-supported type! You might want to check your annotation setup at the converter implementation.
2021-03-28 16:04:02.587  WARN 3516 --- [restartedMain] o.s.data.convert.CustomConversions       : Registering converter from class org.springframework.data.elasticsearch.core.geo.GeoJsonGeometryCollection to interface java.util.Map as writing converter although it doesn't convert to a store-supported type! You might want to check your annotation setup at the converter implementation.
2021-03-28 16:04:02.587  WARN 3516 --- [restartedMain] o.s.data.convert.CustomConversions       : Registering converter from interface java.util.Map to class org.springframework.data.elasticsearch.core.geo.GeoJsonGeometryCollection as reading converter although it doesn't convert from a store-supported type! You might want to check your annotation setup at the converter implementation.
2021-03-28 16:04:03.663  INFO 3516 --- [restartedMain] o.s.d.elasticsearch.support.VersionInfo  : Version Spring Data Elasticsearch: 4.1.3
2021-03-28 16:04:03.663  INFO 3516 --- [restartedMain] o.s.d.elasticsearch.support.VersionInfo  : Version Elasticsearch Client in build: 7.9.3
2021-03-28 16:04:03.663  INFO 3516 --- [restartedMain] o.s.d.elasticsearch.support.VersionInfo  : Version Elasticsearch Client used: 7.10.2
2021-03-28 16:04:03.664  WARN 3516 --- [restartedMain] o.s.d.elasticsearch.support.VersionInfo  : Version mismatch in between Elasticsearch Clients build/use: 7.9.3 - 7.10.2
2021-03-28 16:04:03.846  INFO 3516 --- [restartedMain] o.s.s.web.DefaultSecurityFilterChain     : Will secure any request with [org.springframework.security.web.context.request.async.WebAsyncManagerIntegrationFilter@3e73d51e, org.springframework.security.web.context.SecurityContextPersistenceFilter@85991a3, org.springframework.security.web.header.HeaderWriterFilter@67855bbb, org.springframework.security.web.authentication.logout.LogoutFilter@61003842, org.springframework.security.web.authentication.UsernamePasswordAuthenticationFilter@69ecd66f, org.springframework.security.web.savedrequest.RequestCacheAwareFilter@67dc077, org.springframework.security.web.servletapi.SecurityContextHolderAwareRequestFilter@7e676a6f, org.springframework.security.web.authentication.AnonymousAuthenticationFilter@41ce5361, org.springframework.security.web.session.SessionManagementFilter@694d60e3, org.springframework.security.web.access.ExceptionTranslationFilter@2da20482, org.springframework.security.web.access.intercept.FilterSecurityInterceptor@337032af]
2021-03-28 16:04:03.950  INFO 3516 --- [restartedMain] o.s.b.d.a.OptionalLiveReloadServer       : LiveReload server is running on port 35729
2021-03-28 16:04:03.975  INFO 3516 --- [restartedMain] o.s.b.w.embedded.tomcat.TomcatWebServer  : Tomcat started on port(s): 80 (http) with context path ''
2021-03-28 16:04:03.986  INFO 3516 --- [restartedMain] cn.yinjiahui.BlogApplication             : Started BlogApplication in 3.878 seconds (JVM running for 4.498)
2021-03-28 19:36:58.032  INFO 2740 --- [restartedMain] cn.yinjiahui.BlogApplication             : Starting BlogApplication using Java 14.0.2 on LAPTOP-I62L6BVG with PID 2740 (D:\project\Blog\target\classes started by 12282 in D:\project\Blog)
2021-03-28 19:36:58.035  INFO 2740 --- [restartedMain] cn.yinjiahui.BlogApplication             : The following profiles are active: dev
2021-03-28 19:36:58.087  INFO 2740 --- [restartedMain] .e.DevToolsPropertyDefaultsPostProcessor : Devtools property defaults active! Set 'spring.devtools.add-properties' to 'false' to disable
2021-03-28 19:36:58.087  INFO 2740 --- [restartedMain] .e.DevToolsPropertyDefaultsPostProcessor : For additional web related logging consider setting the 'logging.level.web' property to 'DEBUG'
2021-03-28 19:36:59.024  INFO 2740 --- [restartedMain] .s.d.r.c.RepositoryConfigurationDelegate : Multiple Spring Data modules found, entering strict repository configuration mode!
2021-03-28 19:36:59.026  INFO 2740 --- [restartedMain] .s.d.r.c.RepositoryConfigurationDelegate : Bootstrapping Spring Data Elasticsearch repositories in DEFAULT mode.
2021-03-28 19:36:59.041  INFO 2740 --- [restartedMain] .s.d.r.c.RepositoryConfigurationDelegate : Finished Spring Data repository scanning in 10 ms. Found 0 Elasticsearch repository interfaces.
2021-03-28 19:36:59.043  INFO 2740 --- [restartedMain] .s.d.r.c.RepositoryConfigurationDelegate : Multiple Spring Data modules found, entering strict repository configuration mode!
2021-03-28 19:36:59.044  INFO 2740 --- [restartedMain] .s.d.r.c.RepositoryConfigurationDelegate : Bootstrapping Spring Data Reactive Elasticsearch repositories in DEFAULT mode.
2021-03-28 19:36:59.047  INFO 2740 --- [restartedMain] .s.d.r.c.RepositoryConfigurationDelegate : Finished Spring Data repository scanning in 3 ms. Found 0 Reactive Elasticsearch repository interfaces.
2021-03-28 19:36:59.057  INFO 2740 --- [restartedMain] .s.d.r.c.RepositoryConfigurationDelegate : Multiple Spring Data modules found, entering strict repository configuration mode!
2021-03-28 19:36:59.058  INFO 2740 --- [restartedMain] .s.d.r.c.RepositoryConfigurationDelegate : Bootstrapping Spring Data Redis repositories in DEFAULT mode.
2021-03-28 19:36:59.069  INFO 2740 --- [restartedMain] .s.d.r.c.RepositoryConfigurationDelegate : Finished Spring Data repository scanning in 3 ms. Found 0 Redis repository interfaces.
2021-03-28 19:36:59.344  INFO 2740 --- [restartedMain] trationDelegate$BeanPostProcessorChecker : Bean 'org.springframework.security.access.expression.method.DefaultMethodSecurityExpressionHandler@704ca4ac' of type [org.springframework.security.access.expression.method.DefaultMethodSecurityExpressionHandler] is not eligible for getting processed by all BeanPostProcessors (for example: not eligible for auto-proxying)
2021-03-28 19:36:59.347  INFO 2740 --- [restartedMain] trationDelegate$BeanPostProcessorChecker : Bean 'methodSecurityMetadataSource' of type [org.springframework.security.access.method.DelegatingMethodSecurityMetadataSource] is not eligible for getting processed by all BeanPostProcessors (for example: not eligible for auto-proxying)
2021-03-28 19:36:59.564  INFO 2740 --- [restartedMain] o.s.b.w.embedded.tomcat.TomcatWebServer  : Tomcat initialized with port(s): 80 (http)
2021-03-28 19:36:59.573  INFO 2740 --- [restartedMain] o.apache.catalina.core.StandardService   : Starting service [Tomcat]
2021-03-28 19:36:59.573  INFO 2740 --- [restartedMain] org.apache.catalina.core.StandardEngine  : Starting Servlet engine: [Apache Tomcat/9.0.41]
2021-03-28 19:36:59.638  INFO 2740 --- [restartedMain] o.a.c.c.C.[Tomcat].[localhost].[/]       : Initializing Spring embedded WebApplicationContext
2021-03-28 19:36:59.638  INFO 2740 --- [restartedMain] w.s.c.ServletWebServerApplicationContext : Root WebApplicationContext: initialization completed in 1550 ms
2021-03-28 19:37:00.443  INFO 2740 --- [restartedMain] f.a.AutowiredAnnotationBeanPostProcessor : Autowired annotation is not supported on static fields: private static java.lang.String cn.yinjiahui.service.impl.RegisterServiceImpl.secretId
2021-03-28 19:37:00.443  INFO 2740 --- [restartedMain] f.a.AutowiredAnnotationBeanPostProcessor : Autowired annotation is not supported on static fields: private static java.lang.String cn.yinjiahui.service.impl.RegisterServiceImpl.secretKey
2021-03-28 19:37:00.443  INFO 2740 --- [restartedMain] f.a.AutowiredAnnotationBeanPostProcessor : Autowired annotation is not supported on static fields: private static java.lang.String cn.yinjiahui.service.impl.RegisterServiceImpl.templateID
2021-03-28 19:37:00.443  INFO 2740 --- [restartedMain] f.a.AutowiredAnnotationBeanPostProcessor : Autowired annotation is not supported on static fields: private static java.lang.String cn.yinjiahui.service.impl.RegisterServiceImpl.smsSdkAppid
2021-03-28 19:37:00.444  INFO 2740 --- [restartedMain] f.a.AutowiredAnnotationBeanPostProcessor : Autowired annotation is not supported on static fields: private static java.lang.String cn.yinjiahui.service.impl.RegisterServiceImpl.sign
2021-03-28 19:37:00.560  INFO 2740 --- [restartedMain] o.s.s.concurrent.ThreadPoolTaskExecutor  : Initializing ExecutorService 'applicationTaskExecutor'
2021-03-28 19:37:00.627  INFO 2740 --- [restartedMain] o.s.b.a.w.s.WelcomePageHandlerMapping    : Adding welcome page template: index
2021-03-28 19:37:00.774  WARN 2740 --- [restartedMain] o.s.data.convert.CustomConversions       : Registering converter from class org.springframework.data.geo.Point to interface java.util.Map as writing converter although it doesn't convert to a store-supported type! You might want to check your annotation setup at the converter implementation.
2021-03-28 19:37:00.774  WARN 2740 --- [restartedMain] o.s.data.convert.CustomConversions       : Registering converter from interface java.util.Map to class org.springframework.data.geo.Point as reading converter although it doesn't convert from a store-supported type! You might want to check your annotation setup at the converter implementation.
2021-03-28 19:37:00.774  WARN 2740 --- [restartedMain] o.s.data.convert.CustomConversions       : Registering converter from class org.springframework.data.elasticsearch.core.geo.GeoPoint to interface java.util.Map as writing converter although it doesn't convert to a store-supported type! You might want to check your annotation setup at the converter implementation.
2021-03-28 19:37:00.774  WARN 2740 --- [restartedMain] o.s.data.convert.CustomConversions       : Registering converter from interface java.util.Map to class org.springframework.data.elasticsearch.core.geo.GeoPoint as reading converter although it doesn't convert from a store-supported type! You might want to check your annotation setup at the converter implementation.
2021-03-28 19:37:00.774  WARN 2740 --- [restartedMain] o.s.data.convert.CustomConversions       : Registering converter from interface org.springframework.data.elasticsearch.core.geo.GeoJson to interface java.util.Map as writing converter although it doesn't convert to a store-supported type! You might want to check your annotation setup at the converter implementation.
2021-03-28 19:37:00.774  WARN 2740 --- [restartedMain] o.s.data.convert.CustomConversions       : Registering converter from interface java.util.Map to interface org.springframework.data.elasticsearch.core.geo.GeoJson as reading converter although it doesn't convert from a store-supported type! You might want to check your annotation setup at the converter implementation.
2021-03-28 19:37:00.774  WARN 2740 --- [restartedMain] o.s.data.convert.CustomConversions       : Registering converter from class org.springframework.data.elasticsearch.core.geo.GeoJsonPoint to interface java.util.Map as writing converter although it doesn't convert to a store-supported type! You might want to check your annotation setup at the converter implementation.
2021-03-28 19:37:00.775  WARN 2740 --- [restartedMain] o.s.data.convert.CustomConversions       : Registering converter from interface java.util.Map to class org.springframework.data.elasticsearch.core.geo.GeoJsonPoint as reading converter although it doesn't convert from a store-supported type! You might want to check your annotation setup at the converter implementation.
2021-03-28 19:37:00.775  WARN 2740 --- [restartedMain] o.s.data.convert.CustomConversions       : Registering converter from class org.springframework.data.elasticsearch.core.geo.GeoJsonMultiPoint to interface java.util.Map as writing converter although it doesn't convert to a store-supported type! You might want to check your annotation setup at the converter implementation.
2021-03-28 19:37:00.775  WARN 2740 --- [restartedMain] o.s.data.convert.CustomConversions       : Registering converter from interface java.util.Map to class org.springframework.data.elasticsearch.core.geo.GeoJsonMultiPoint as reading converter although it doesn't convert from a store-supported type! You might want to check your annotation setup at the converter implementation.
2021-03-28 19:37:00.775  WARN 2740 --- [restartedMain] o.s.data.convert.CustomConversions       : Registering converter from class org.springframework.data.elasticsearch.core.geo.GeoJsonLineString to interface java.util.Map as writing converter although it doesn't convert to a store-supported type! You might want to check your annotation setup at the converter implementation.
2021-03-28 19:37:00.775  WARN 2740 --- [restartedMain] o.s.data.convert.CustomConversions       : Registering converter from interface java.util.Map to class org.springframework.data.elasticsearch.core.geo.GeoJsonLineString as reading converter although it doesn't convert from a store-supported type! You might want to check your annotation setup at the converter implementation.
2021-03-28 19:37:00.775  WARN 2740 --- [restartedMain] o.s.data.convert.CustomConversions       : Registering converter from class org.springframework.data.elasticsearch.core.geo.GeoJsonMultiLineString to interface java.util.Map as writing converter although it doesn't convert to a store-supported type! You might want to check your annotation setup at the converter implementation.
2021-03-28 19:37:00.775  WARN 2740 --- [restartedMain] o.s.data.convert.CustomConversions       : Registering converter from interface java.util.Map to class org.springframework.data.elasticsearch.core.geo.GeoJsonMultiLineString as reading converter although it doesn't convert from a store-supported type! You might want to check your annotation setup at the converter implementation.
2021-03-28 19:37:00.775  WARN 2740 --- [restartedMain] o.s.data.convert.CustomConversions       : Registering converter from class org.springframework.data.elasticsearch.core.geo.GeoJsonPolygon to interface java.util.Map as writing converter although it doesn't convert to a store-supported type! You might want to check your annotation setup at the converter implementation.
2021-03-28 19:37:00.775  WARN 2740 --- [restartedMain] o.s.data.convert.CustomConversions       : Registering converter from interface java.util.Map to class org.springframework.data.elasticsearch.core.geo.GeoJsonPolygon as reading converter although it doesn't convert from a store-supported type! You might want to check your annotation setup at the converter implementation.
2021-03-28 19:37:00.775  WARN 2740 --- [restartedMain] o.s.data.convert.CustomConversions       : Registering converter from class org.springframework.data.elasticsearch.core.geo.GeoJsonMultiPolygon to interface java.util.Map as writing converter although it doesn't convert to a store-supported type! You might want to check your annotation setup at the converter implementation.
2021-03-28 19:37:00.776  WARN 2740 --- [restartedMain] o.s.data.convert.CustomConversions       : Registering converter from interface java.util.Map to class org.springframework.data.elasticsearch.core.geo.GeoJsonMultiPolygon as reading converter although it doesn't convert from a store-supported type! You might want to check your annotation setup at the converter implementation.
2021-03-28 19:37:00.776  WARN 2740 --- [restartedMain] o.s.data.convert.CustomConversions       : Registering converter from class org.springframework.data.elasticsearch.core.geo.GeoJsonGeometryCollection to interface java.util.Map as writing converter although it doesn't convert to a store-supported type! You might want to check your annotation setup at the converter implementation.
2021-03-28 19:37:00.776  WARN 2740 --- [restartedMain] o.s.data.convert.CustomConversions       : Registering converter from interface java.util.Map to class org.springframework.data.elasticsearch.core.geo.GeoJsonGeometryCollection as reading converter although it doesn't convert from a store-supported type! You might want to check your annotation setup at the converter implementation.
2021-03-28 19:37:01.853  INFO 2740 --- [restartedMain] o.s.d.elasticsearch.support.VersionInfo  : Version Spring Data Elasticsearch: 4.1.3
2021-03-28 19:37:01.854  INFO 2740 --- [restartedMain] o.s.d.elasticsearch.support.VersionInfo  : Version Elasticsearch Client in build: 7.9.3
2021-03-28 19:37:01.854  INFO 2740 --- [restartedMain] o.s.d.elasticsearch.support.VersionInfo  : Version Elasticsearch Client used: 7.10.2
2021-03-28 19:37:01.854  WARN 2740 --- [restartedMain] o.s.d.elasticsearch.support.VersionInfo  : Version mismatch in between Elasticsearch Clients build/use: 7.9.3 - 7.10.2
2021-03-28 19:37:02.059  INFO 2740 --- [restartedMain] o.s.s.web.DefaultSecurityFilterChain     : Will secure any request with [org.springframework.security.web.context.request.async.WebAsyncManagerIntegrationFilter@7ccceff1, org.springframework.security.web.context.SecurityContextPersistenceFilter@f840731, org.springframework.security.web.header.HeaderWriterFilter@3aa7e562, org.springframework.security.web.authentication.logout.LogoutFilter@7dbf54d8, org.springframework.security.web.authentication.UsernamePasswordAuthenticationFilter@5b9440ce, org.springframework.security.web.savedrequest.RequestCacheAwareFilter@643e5541, org.springframework.security.web.servletapi.SecurityContextHolderAwareRequestFilter@49ca0c2f, org.springframework.security.web.authentication.AnonymousAuthenticationFilter@5a4e58d9, org.springframework.security.web.session.SessionManagementFilter@4748dbac, org.springframework.security.web.access.ExceptionTranslationFilter@561ca41d, org.springframework.security.web.access.intercept.FilterSecurityInterceptor@46c48f12]
2021-03-28 19:37:02.098  INFO 2740 --- [restartedMain] o.s.b.d.a.OptionalLiveReloadServer       : LiveReload server is running on port 35729
2021-03-28 19:37:02.125  INFO 2740 --- [restartedMain] o.s.b.w.embedded.tomcat.TomcatWebServer  : Tomcat started on port(s): 80 (http) with context path ''
2021-03-28 19:37:02.138  INFO 2740 --- [restartedMain] cn.yinjiahui.BlogApplication             : Started BlogApplication in 4.645 seconds (JVM running for 5.811)
